C51 COMPILER V8.08   多级通信从_1                                                         08/12/2020 14:25:33 PAGE 1   


C51 COMPILER V8.08, COMPILATION OF MODULE 多级通信从_1
OBJECT MODULE PLACED IN .\多级通信从机1.obj
COMPILER INVOKED BY: E:\keil3\C51\BIN\C51.EXE ..\多级通信从机1.c BROWSE DEBUG OBJECTEXTEND OBJECT(.\多级通信从机1.obj)

line level    source

   1          #include<reg51.h>
   2          #include<string.h>
   3          
   4          #define addr     0x01//从机1的地址
   5          #define _SUCC_   0x0f//数据传送成功
   6          #define _ERR_    0xf0//数据传送失败
   7          unsigned char aa=0xff;//主机与从机之间通信标志
   8          unsigned char Buff[20];//数据缓冲区
   9          
  10          //串口初始化函数
  11          void serial_init()
  12          {
  13   1       TMOD=0x20; //定时器1工作于方式2
  14   1       TH1=0xfd;  
  15   1       TL1=0xfd; //波特率为9600
  16   1       PCON=0;
  17   1       SCON=0xd0;  //串口工作于方式3
  18   1       TR1=1;  //开启定时器
  19   1       TI=0;
  20   1       RI=0;
  21   1      }
  22          //接收数据函数
  23          unsigned char RECE_data(unsigned char *Buff)
  24          {
  25   1       unsigned char i,temp;
  26   1       unsigned char lenth;
  27   1       unsigned char check;
  28   1      
  29   1       RI=0;     //接收数据长度
  30   1       while(!RI);
  31   1       if(RB8==1)    //若接收到地址帧，则返回0xfe
  32   1        return 0xfe;
  33   1       lenth=SBUF;
  34   1       RI=0;     
  35   1       
  36   1       check=lenth;
  37   1       for(i=0;i<lenth;i++) //接收数据
  38   1       {
  39   2        while(!RI);
  40   2        if(RB8==1)   //若接收到地址帧，则返回0xfe
  41   2         return 0xfe;
  42   2        Buff[i]=SBUF;   
  43   2        check=check^(Buff[i]);
  44   2        RI=0;
  45   2       }
  46   1      
  47   1       while(!RI);    //接收校验字节
  48   1       if(RB8==1)    //若接收到地址帧，则返回0xfe
  49   1        return 0xfe;
  50   1       temp=SBUF;
  51   1       RI=0;
  52   1            
  53   1       check=temp^check;  //将从主机接收到的校验码与自己计算的校验码比对
  54   1       if(check!=0)   //校验码不一致，表明数据接收错误，向主机发送错误信号，函数返回0xff
  55   1       {
C51 COMPILER V8.08   多级通信从_1                                                         08/12/2020 14:25:33 PAGE 2   

  56   2        TI=0;
  57   2        TB8=0;
  58   2        SBUF=_ERR_;
  59   2        while(!TI);
  60   2        TI=0;
  61   2        return 0xff;
  62   2       }
  63   1       TI=0;           //校验码一致，表明数据接收正确，向主机发送成功信号，函数返回0x00
  64   1       TB8=0;
  65   1       SBUF=_SUCC_;
  66   1       while(!TI);
  67   1       TI=0;
  68   1       return 0;
  69   1      } 
  70          void main()
  71          {
  72   1       serial_init();
  73   1       while(1)
  74   1       {
  75   2        SM2=1;              //接收地址帧
  76   2        while(aa!=addr)  //从机等待主机请求自己的地址
  77   2        {
  78   3         RI=0;
  79   3         while(!RI);
  80   3         aa=SBUF;
  81   3         RI=0;
  82   3        }
  83   2      
  84   2        TI=0;     //一旦被请求，从机返回自己的地址作为应答，等待接收数据
  85   2        TB8=0;
  86   2        SBUF=addr;
  87   2        while(!TI);
  88   2        TI=0;
  89   2      
  90   2        SM2=0;                  //接收数据帧
  91   2        aa=0xff;    //从机接收数据，并将数据保存到数据缓冲区
  92   2        while(aa==0xff)
  93   2        {
  94   3         aa=RECE_data(Buff);
  95   3        }
  96   2        if(aa==0xfe)                     ///接收数据失败时执行
  97   2         continue; 
  98   2        P1=Buff[1];      //查看接收到的数据
  99   2       }
 100   1      }
 101          


MODULE INFORMATION:   STATIC OVERLAYABLE
   CODE SIZE        =    210    ----
   CONSTANT SIZE    =   ----    ----
   XDATA SIZE       =   ----    ----
   PDATA SIZE       =   ----    ----
   DATA SIZE        =     21       3
   IDATA SIZE       =   ----    ----
   BIT SIZE         =   ----    ----
END OF MODULE INFORMATION.


C51 COMPILATION COMPLETE.  0 WARNING(S),  0 ERROR(S)
